<?xml version="1.0" encoding="UTF-8"?>
<testng-results ignored="0" total="2" passed="1" failed="1" skipped="0">
  <reporter-output>
  </reporter-output>
  <suite started-at="2024-12-30T17:38:20 IST" name="Master Suite" finished-at="2024-12-30T17:39:24 IST" duration-ms="63549">
    <groups>
      <group name="Master">
        <method signature="T001_login.verify_login()[pri:0, instance:testcases.T001_login@359f7cdf]" name="verify_login" class="testcases.T001_login"/>
        <method signature="T002_searchproduct.signin()[pri:0, instance:testcases.T002_searchproduct@79924b]" name="signin" class="testcases.T002_searchproduct"/>
      </group> <!-- Master -->
      <group name="Sanity">
        <method signature="T001_login.verify_login()[pri:0, instance:testcases.T001_login@359f7cdf]" name="verify_login" class="testcases.T001_login"/>
        <method signature="T002_searchproduct.signin()[pri:0, instance:testcases.T002_searchproduct@79924b]" name="signin" class="testcases.T002_searchproduct"/>
      </group> <!-- Sanity -->
    </groups>
    <test started-at="2024-12-30T17:38:20 IST" name="Test" finished-at="2024-12-30T17:39:24 IST" duration-ms="63549">
      <class name="testcases.T001_login">
        <test-method is-config="true" signature="steup(java.lang.String,java.lang.String)[pri:0, instance:testcases.T001_login@359f7cdf]" started-at="2024-12-30T17:38:20 IST" name="steup" finished-at="2024-12-30T17:38:23 IST" duration-ms="3168" status="PASS">
          <params>
            <param index="0">
              <value>
                <![CDATA[Windows]]>
              </value>
            </param>
            <param index="1">
              <value>
                <![CDATA[chrome]]>
              </value>
            </param>
          </params>
          <reporter-output>
          </reporter-output>
        </test-method> <!-- steup -->
        <test-method signature="verify_login()[pri:0, instance:testcases.T001_login@359f7cdf]" started-at="2024-12-30T17:38:23 IST" name="verify_login" finished-at="2024-12-30T17:38:26 IST" duration-ms="2563" status="PASS">
          <reporter-output>
          </reporter-output>
        </test-method> <!-- verify_login -->
      </class> <!-- testcases.T001_login -->
      <class name="testcases.T002_searchproduct">
        <test-method is-config="true" signature="steup(java.lang.String,java.lang.String)[pri:0, instance:testcases.T002_searchproduct@79924b]" started-at="2024-12-30T17:38:26 IST" name="steup" finished-at="2024-12-30T17:38:29 IST" duration-ms="3092" status="PASS">
          <params>
            <param index="0">
              <value>
                <![CDATA[Windows]]>
              </value>
            </param>
            <param index="1">
              <value>
                <![CDATA[chrome]]>
              </value>
            </param>
          </params>
          <reporter-output>
          </reporter-output>
        </test-method> <!-- steup -->
        <test-method signature="signin()[pri:0, instance:testcases.T002_searchproduct@79924b]" started-at="2024-12-30T17:38:29 IST" name="signin" finished-at="2024-12-30T17:39:24 IST" duration-ms="54711" status="FAIL">
          <exception class="java.lang.AssertionError">
            <message>
              <![CDATA[Test failed due to exception: Expected condition failed: waiting for element to be clickable: By.xpath: //a[contains(text(),'Apple iPhone 13 (128GB)')] (tried for 50 second(s) with 500 milliseconds interval)
Build info: version: '4.26.0', revision: '8ccf0219d7'
System info: os.name: 'Mac OS X', os.arch: 'aarch64', os.version: '15.2', java.version: '22.0.2'
Driver info: org.openqa.selenium.chrome.ChromeDriver
Capabilities {acceptInsecureCerts: false, browserName: chrome, browserVersion: 131.0.6778.205, chrome: {chromedriverVersion: 131.0.6778.204 (52183f9e99a..., userDataDir: /var/folders/2m/7l2_wyd94y7...}, fedcm:accounts: true, goog:chromeOptions: {debuggerAddress: localhost:55497}, networkConnectionEnabled: false, pageLoadStrategy: normal, platformName: mac, proxy: Proxy(), se:cdp: ws://localhost:55497/devtoo..., se:cdpVersion: 131.0.6778.205, setWindowRect: true, strictFileInteractability: false, timeouts: {implicit: 0, pageLoad: 300000, script: 30000}, unhandledPromptBehavior: dismiss and notify, webauthn:extension:credBlob: true, webauthn:extension:largeBlob: true, webauthn:extension:minPinLength: true, webauthn:extension:prf: true, webauthn:virtualAuthenticators: true}
Session ID: f6fdcef47d1bd4b2b1da0001bd269cb2]]>
            </message>
            <full-stacktrace>
              <![CDATA[java.lang.AssertionError: Test failed due to exception: Expected condition failed: waiting for element to be clickable: By.xpath: //a[contains(text(),'Apple iPhone 13 (128GB)')] (tried for 50 second(s) with 500 milliseconds interval)
Build info: version: '4.26.0', revision: '8ccf0219d7'
System info: os.name: 'Mac OS X', os.arch: 'aarch64', os.version: '15.2', java.version: '22.0.2'
Driver info: org.openqa.selenium.chrome.ChromeDriver
Capabilities {acceptInsecureCerts: false, browserName: chrome, browserVersion: 131.0.6778.205, chrome: {chromedriverVersion: 131.0.6778.204 (52183f9e99a..., userDataDir: /var/folders/2m/7l2_wyd94y7...}, fedcm:accounts: true, goog:chromeOptions: {debuggerAddress: localhost:55497}, networkConnectionEnabled: false, pageLoadStrategy: normal, platformName: mac, proxy: Proxy(), se:cdp: ws://localhost:55497/devtoo..., se:cdpVersion: 131.0.6778.205, setWindowRect: true, strictFileInteractability: false, timeouts: {implicit: 0, pageLoad: 300000, script: 30000}, unhandledPromptBehavior: dismiss and notify, webauthn:extension:credBlob: true, webauthn:extension:largeBlob: true, webauthn:extension:minPinLength: true, webauthn:extension:prf: true, webauthn:virtualAuthenticators: true}
Session ID: f6fdcef47d1bd4b2b1da0001bd269cb2
at org.testng.Assert.fail(Assert.java:99)
at testcases.T002_searchproduct.signin(T002_searchproduct.java:31)
at java.base/jdk.internal.reflect.DirectMethodHandleAccessor.invoke(DirectMethodHandleAccessor.java:103)
at java.base/java.lang.reflect.Method.invoke(Method.java:580)
at org.testng.internal.MethodInvocationHelper.invokeMethod(MethodInvocationHelper.java:133)
at org.testng.internal.TestInvoker.invokeMethod(TestInvoker.java:598)
at org.testng.internal.TestInvoker.invokeTestMethod(TestInvoker.java:173)
at org.testng.internal.MethodRunner.runInSequence(MethodRunner.java:46)
at org.testng.internal.TestInvoker$MethodInvocationAgent.invoke(TestInvoker.java:824)
at org.testng.internal.TestInvoker.invokeTestMethods(TestInvoker.java:146)
at org.testng.internal.TestMethodWorker.invokeTestMethods(TestMethodWorker.java:146)
at org.testng.internal.TestMethodWorker.run(TestMethodWorker.java:128)
at java.base/java.util.ArrayList.forEach(ArrayList.java:1597)
at org.testng.TestRunner.privateRun(TestRunner.java:794)
at org.testng.TestRunner.run(TestRunner.java:596)
at org.testng.SuiteRunner.runTest(SuiteRunner.java:377)
at org.testng.SuiteRunner.runSequentially(SuiteRunner.java:371)
at org.testng.SuiteRunner.privateRun(SuiteRunner.java:332)
at org.testng.SuiteRunner.run(SuiteRunner.java:276)
at org.testng.SuiteRunnerWorker.runSuite(SuiteRunnerWorker.java:53)
at org.testng.SuiteRunnerWorker.run(SuiteRunnerWorker.java:96)
at org.testng.TestNG.runSuitesSequentially(TestNG.java:1212)
at org.testng.TestNG.runSuitesLocally(TestNG.java:1134)
at org.testng.TestNG.runSuites(TestNG.java:1063)
at org.testng.TestNG.run(TestNG.java:1031)
at org.testng.remote.AbstractRemoteTestNG.run(AbstractRemoteTestNG.java:115)
at org.testng.remote.RemoteTestNG.initAndRun(RemoteTestNG.java:293)
at org.testng.remote.RemoteTestNG.main(RemoteTestNG.java:91)
]]>
            </full-stacktrace>
          </exception> <!-- java.lang.AssertionError -->
          <reporter-output>
          </reporter-output>
        </test-method> <!-- signin -->
      </class> <!-- testcases.T002_searchproduct -->
    </test> <!-- Test -->
  </suite> <!-- Master Suite -->
</testng-results>
